<?xml version="1.0" encoding="UTF-8"?>
<!-- Generated by org.testng.reporters.JUnitXMLReporter -->
<testsuite ignored="0" hostname="Nura_Laptop" failures="0" tests="4" name="Default test" time="7.85" errors="0" timestamp="2024-07-16T11:08:26 AST">
  <testcase classname="com.Integral.Automation_Assignment.Task2" name="testAddNewDevice" time="3.468"/>
  <testcase classname="com.Integral.Automation_Assignment.Task2" name="testAddNewDeviceToInvalidEndpoint" time="1.339"/>
  <testcase classname="com.Integral.Automation_Assignment.Task2" name="testAddNewDeviceWithInvalidData" time="1.355"/>
  <testcase classname="com.Integral.Automation_Assignment.Task2" name="testAddNewDeviceWithMissingField" time="1.222"/>
</testsuite> <!-- Default test -->
